Using pre-set license
Built from '2020.3/staging' branch; Version is '2020.3.32f1 (12f8b0834f07) revision 1243312'; Using compiler version '192528614'; Build Type 'Release'
OS: 'Windows 11  (10.0.22000) 64bit Core' Language: 'en' Physical Memory: 15706 MB
BatchMode: 1, IsHumanControllingUs: 0, StartBugReporterOnCrash: 0, Is64bit: 1, IsPro: 0

COMMAND LINE ARGUMENTS:
C:\Program Files\Unity\Hub\Editor\2020.3.32f1\Editor\Unity.exe
-adb2
-batchMode
-noUpm
-name
AssetImportWorker0
-projectPath
C:/Users/James/OneDrive/Documents/UnityProjects/Framework/BaseFramework
-logFile
Logs/AssetImportWorker0.log
-srvPort
53753
Successfully changed project path to: C:/Users/James/OneDrive/Documents/UnityProjects/Framework/BaseFramework
C:/Users/James/OneDrive/Documents/UnityProjects/Framework/BaseFramework
Using Asset Import Pipeline V2.
Refreshing native plugins compatible for Editor in 18.70 ms, found 0 plugins.
Preloading 0 native plugins for Editor in 0.00 ms.
Initialize engine version: 2020.3.32f1 (12f8b0834f07)
[Subsystems] Discovering subsystems at path C:/Program Files/Unity/Hub/Editor/2020.3.32f1/Editor/Data/Resources/UnitySubsystems
[Subsystems] Discovering subsystems at path C:/Users/James/OneDrive/Documents/UnityProjects/Framework/BaseFramework/Assets
GfxDevice: creating device client; threaded=0
Direct3D:
    Version:  Direct3D 11.0 [level 11.1]
    Renderer: NVIDIA GeForce RTX 3050 Laptop GPU (ID=0x25a2)
    Vendor:   
    VRAM:     3991 MB
    Driver:   27.21.14.6179
Initialize mono
Mono path[0] = 'C:/Program Files/Unity/Hub/Editor/2020.3.32f1/Editor/Data/Managed'
Mono path[1] = 'C:/Program Files/Unity/Hub/Editor/2020.3.32f1/Editor/Data/MonoBleedingEdge/lib/mono/unityjit'
Mono config path = 'C:/Program Files/Unity/Hub/Editor/2020.3.32f1/Editor/Data/MonoBleedingEdge/etc'
Using monoOptions --debugger-agent=transport=dt_socket,embedding=1,server=y,suspend=n,address=127.0.0.1:56232
Begin MonoManager ReloadAssembly
Registering precompiled unity dll's ...
Register platform support module: C:/Program Files/Unity/Hub/Editor/2020.3.32f1/Editor/Data/PlaybackEngines/WebGLSupport/UnityEditor.WebGL.Extensions.dll
Register platform support module: C:/Program Files/Unity/Hub/Editor/2020.3.32f1/Editor/Data/PlaybackEngines/WindowsStandaloneSupport/UnityEditor.WindowsStandalone.Extensions.dll
Registered in 0.001863 seconds.
Native extension for WindowsStandalone target not found
Native extension for WebGL target not found
Refreshing native plugins compatible for Editor in 17.09 ms, found 0 plugins.
Preloading 0 native plugins for Editor in 0.00 ms.
Mono: successfully reloaded assembly
- Completed reload, in  0.567 seconds
Domain Reload Profiling:
	ReloadAssembly (568ms)
		BeginReloadAssembly (69ms)
			ExecutionOrderSort (0ms)
			DisableScriptedObjects (0ms)
			BackupInstance (0ms)
			ReleaseScriptingObjects (0ms)
			CreateAndSetChildDomain (1ms)
		EndReloadAssembly (428ms)
			LoadAssemblies (67ms)
			RebuildTransferFunctionScriptingTraits (0ms)
			SetupTypeCache (154ms)
			ReleaseScriptCaches (0ms)
			RebuildScriptCaches (30ms)
			SetupLoadedEditorAssemblies (142ms)
				LogAssemblyErrors (0ms)
				InitializePlatformSupportModulesInManaged (5ms)
				SetLoadedEditorAssemblies (0ms)
				RefreshPlugins (17ms)
				BeforeProcessingInitializeOnLoad (12ms)
				ProcessInitializeOnLoadAttributes (78ms)
				ProcessInitializeOnLoadMethodAttributes (30ms)
				AfterProcessingInitializeOnLoad (0ms)
				EditorAssembliesLoaded (0ms)
			ExecutionOrderSort2 (0ms)
			AwakeInstancesAfterBackupRestoration (0ms)
Platform modules already initialized, skipping
Registering precompiled user dll's ...
Registered in 0.006662 seconds.
Begin MonoManager ReloadAssembly
Native extension for WindowsStandalone target not found
Native extension for WebGL target not found
Refreshing native plugins compatible for Editor in 0.17 ms, found 0 plugins.
Preloading 0 native plugins for Editor in 0.00 ms.
Mono: successfully reloaded assembly
- Completed reload, in  0.732 seconds
Domain Reload Profiling:
	ReloadAssembly (733ms)
		BeginReloadAssembly (143ms)
			ExecutionOrderSort (0ms)
			DisableScriptedObjects (4ms)
			BackupInstance (0ms)
			ReleaseScriptingObjects (0ms)
			CreateAndSetChildDomain (24ms)
		EndReloadAssembly (535ms)
			LoadAssemblies (77ms)
			RebuildTransferFunctionScriptingTraits (0ms)
			SetupTypeCache (157ms)
			ReleaseScriptCaches (0ms)
			RebuildScriptCaches (34ms)
			SetupLoadedEditorAssemblies (192ms)
				LogAssemblyErrors (0ms)
				InitializePlatformSupportModulesInManaged (5ms)
				SetLoadedEditorAssemblies (0ms)
				RefreshPlugins (0ms)
				BeforeProcessingInitializeOnLoad (72ms)
				ProcessInitializeOnLoadAttributes (91ms)
				ProcessInitializeOnLoadMethodAttributes (18ms)
				AfterProcessingInitializeOnLoad (5ms)
				EditorAssembliesLoaded (1ms)
			ExecutionOrderSort2 (0ms)
			AwakeInstancesAfterBackupRestoration (7ms)
Platform modules already initialized, skipping
========================================================================
Worker process is ready to serve import requests
Launched and connected shader compiler UnityShaderCompiler.exe after 0.05 seconds
Refreshing native plugins compatible for Editor in 0.17 ms, found 0 plugins.
Preloading 0 native plugins for Editor in 0.00 ms.
Unloading 767 Unused Serialized files (Serialized files now loaded: 0)
System memory in use before: 47.8 MB.
System memory in use after: 47.8 MB.

Unloading 13 unused Assets to reduce memory usage. Loaded Objects now: 1214.
Total: 2.979700 ms (FindLiveObjects: 0.132800 ms CreateObjectMapping: 0.019600 ms MarkObjects: 2.746900 ms  DeleteObjects: 0.078200 ms)

AssetImportParameters requested are different than current active one (requested -> active):
  custom:framework-win-MediaFoundation: 216162199b28c13a410421893ffa2e32 -> 
  custom:video-decoder-ogg-theora: a1e56fd34408186e4bbccfd4996cb3dc -> 
  custom:container-muxer-webm: aa71ff27fc2769a1b78a27578f13a17b -> 
  custom:container-demuxer-webm: 4f35f7cbe854078d1ac9338744f61a02 -> 
  custom:container-demuxer-ogg: 62fdf1f143b41e24485cea50d1cbac27 -> 
  custom:video-encoder-webm-vp8: eb34c28f22e8b96e1ab97ce403110664 -> 
  custom:video-decoder-webm-vp8: 9c59270c3fd7afecdb556c50c9e8de78 -> 
  custom:audio-decoder-ogg-vorbis: bf7c407c2cedff20999df2af8eb42d56 -> 
  custom:audio-encoder-webm-vorbis: bf7c407c2cedff20999df2af8eb42d56 -> 
========================================================================
Received Import Request.
  path: Assets/Framework
  artifactKey: Guid(dec9e610b9a20d244a1b111c4a0a254e) Importer(815301076,1909f56bfc062723c751e8b465ee728b)
Start importing Assets/Framework using Guid(dec9e610b9a20d244a1b111c4a0a254e) Importer(815301076,1909f56bfc062723c751e8b465ee728b)  -> (artifact id: '3608258d8f024532eeac8d64a9cb8a1f') in 0.009037 seconds 
========================================================================
Received Import Request.
  Time since last request: 0.000594 seconds.
  path: Assets/Framework/PersonalFramework.asmdef
  artifactKey: Guid(bacfda51e4a8c3a4db286c8f8b767d08) Importer(815301076,1909f56bfc062723c751e8b465ee728b)
Start importing Assets/Framework/PersonalFramework.asmdef using Guid(bacfda51e4a8c3a4db286c8f8b767d08) Importer(815301076,1909f56bfc062723c751e8b465ee728b)  -> (artifact id: 'ab42cf988afe1c13c11f7727db28fead') in 0.028312 seconds 
========================================================================
Received Import Request.
  Time since last request: 1.777585 seconds.
  path: Assets/Framework/StateController
  artifactKey: Guid(c2bb4246982064746ae2734e56a770ff) Importer(815301076,1909f56bfc062723c751e8b465ee728b)
Start importing Assets/Framework/StateController using Guid(c2bb4246982064746ae2734e56a770ff) Importer(815301076,1909f56bfc062723c751e8b465ee728b)  -> (artifact id: '14b23cbf65cef555df73e16f747c2dec') in 0.004298 seconds 
========================================================================
Received Import Request.
  Time since last request: 2.818982 seconds.
  path: Assets/Framework/StateController/FlowStateBase.cs
  artifactKey: Guid(e8399e4ebb08d8148b439512adf72cac) Importer(815301076,1909f56bfc062723c751e8b465ee728b)
Start importing Assets/Framework/StateController/FlowStateBase.cs using Guid(e8399e4ebb08d8148b439512adf72cac) Importer(815301076,1909f56bfc062723c751e8b465ee728b)  -> (artifact id: 'eff87b9ce48b591eeb9ec9ea42328ef6') in 0.011812 seconds 
========================================================================
Received Import Request.
  Time since last request: 1.486826 seconds.
  path: Assets/Framework/StateController/StateController.cs
  artifactKey: Guid(d86d77f3691cdc145aea02daaf22acd5) Importer(815301076,1909f56bfc062723c751e8b465ee728b)
Start importing Assets/Framework/StateController/StateController.cs using Guid(d86d77f3691cdc145aea02daaf22acd5) Importer(815301076,1909f56bfc062723c751e8b465ee728b)  -> (artifact id: 'b21ec5334fa261647d7af80526daa2c0') in 0.003118 seconds 
========================================================================
Received Import Request.
  Time since last request: 673.461779 seconds.
  path: Assets/Framework/StateController/StateController.cs
  artifactKey: Guid(d86d77f3691cdc145aea02daaf22acd5) Importer(815301076,1909f56bfc062723c751e8b465ee728b)
Start importing Assets/Framework/StateController/StateController.cs using Guid(d86d77f3691cdc145aea02daaf22acd5) Importer(815301076,1909f56bfc062723c751e8b465ee728b)  -> (artifact id: '6ed683122dce6e1fded872e863f542fc') in 0.005053 seconds 
========================================================================
Received Prepare
Registering precompiled user dll's ...
Registered in 0.001092 seconds.
Begin MonoManager ReloadAssembly
Native extension for WindowsStandalone target not found
Native extension for WebGL target not found
Refreshing native plugins compatible for Editor in 0.24 ms, found 0 plugins.
Preloading 0 native plugins for Editor in 0.00 ms.
Mono: successfully reloaded assembly
- Completed reload, in  0.774 seconds
Domain Reload Profiling:
	ReloadAssembly (774ms)
		BeginReloadAssembly (105ms)
			ExecutionOrderSort (0ms)
			DisableScriptedObjects (6ms)
			BackupInstance (0ms)
			ReleaseScriptingObjects (0ms)
			CreateAndSetChildDomain (27ms)
		EndReloadAssembly (608ms)
			LoadAssemblies (77ms)
			RebuildTransferFunctionScriptingTraits (0ms)
			SetupTypeCache (181ms)
			ReleaseScriptCaches (0ms)
			RebuildScriptCaches (36ms)
			SetupLoadedEditorAssemblies (225ms)
				LogAssemblyErrors (0ms)
				InitializePlatformSupportModulesInManaged (7ms)
				SetLoadedEditorAssemblies (0ms)
				RefreshPlugins (0ms)
				BeforeProcessingInitializeOnLoad (79ms)
				ProcessInitializeOnLoadAttributes (121ms)
				ProcessInitializeOnLoadMethodAttributes (11ms)
				AfterProcessingInitializeOnLoad (7ms)
				EditorAssembliesLoaded (0ms)
			ExecutionOrderSort2 (0ms)
			AwakeInstancesAfterBackupRestoration (7ms)
Platform modules already initialized, skipping
Refreshing native plugins compatible for Editor in 0.18 ms, found 0 plugins.
Preloading 0 native plugins for Editor in 0.00 ms.
Unloading 761 Unused Serialized files (Serialized files now loaded: 0)
System memory in use before: 47.6 MB.
System memory in use after: 47.7 MB.

Unloading 4 unused Assets to reduce memory usage. Loaded Objects now: 1217.
Total: 2.622600 ms (FindLiveObjects: 0.109400 ms CreateObjectMapping: 0.018400 ms MarkObjects: 2.453800 ms  DeleteObjects: 0.039700 ms)

AssetImportParameters requested are different than current active one (requested -> active):
  custom:framework-win-MediaFoundation: 216162199b28c13a410421893ffa2e32 -> 
  custom:video-decoder-ogg-theora: a1e56fd34408186e4bbccfd4996cb3dc -> 
  custom:container-muxer-webm: aa71ff27fc2769a1b78a27578f13a17b -> 
  custom:container-demuxer-webm: 4f35f7cbe854078d1ac9338744f61a02 -> 
  custom:container-demuxer-ogg: 62fdf1f143b41e24485cea50d1cbac27 -> 
  custom:video-encoder-webm-vp8: eb34c28f22e8b96e1ab97ce403110664 -> 
  custom:video-decoder-webm-vp8: 9c59270c3fd7afecdb556c50c9e8de78 -> 
  custom:audio-decoder-ogg-vorbis: bf7c407c2cedff20999df2af8eb42d56 -> 
  custom:audio-encoder-webm-vorbis: bf7c407c2cedff20999df2af8eb42d56 -> 
========================================================================
Received Import Request.
  Time since last request: 21.488151 seconds.
  path: Assets/Framework/StateController/StateController.cs
  artifactKey: Guid(d86d77f3691cdc145aea02daaf22acd5) Importer(815301076,1909f56bfc062723c751e8b465ee728b)
Start importing Assets/Framework/StateController/StateController.cs using Guid(d86d77f3691cdc145aea02daaf22acd5) Importer(815301076,1909f56bfc062723c751e8b465ee728b)  -> (artifact id: '593b1f82927782520c6d9f82be791c09') in 0.008842 seconds 
========================================================================
Received Import Request.
  Time since last request: 33.117048 seconds.
  path: Assets/Framework/StateController/StateController.cs
  artifactKey: Guid(d86d77f3691cdc145aea02daaf22acd5) Importer(815301076,1909f56bfc062723c751e8b465ee728b)
Start importing Assets/Framework/StateController/StateController.cs using Guid(d86d77f3691cdc145aea02daaf22acd5) Importer(815301076,1909f56bfc062723c751e8b465ee728b)  -> (artifact id: 'f5023af42848c0a8ce5904d427608529') in 0.004179 seconds 
========================================================================
Received Prepare
Registering precompiled user dll's ...
Registered in 0.000995 seconds.
Begin MonoManager ReloadAssembly
Native extension for WindowsStandalone target not found
Native extension for WebGL target not found
Refreshing native plugins compatible for Editor in 0.45 ms, found 0 plugins.
Preloading 0 native plugins for Editor in 0.00 ms.
Mono: successfully reloaded assembly
- Completed reload, in  0.773 seconds
Domain Reload Profiling:
	ReloadAssembly (774ms)
		BeginReloadAssembly (112ms)
			ExecutionOrderSort (0ms)
			DisableScriptedObjects (5ms)
			BackupInstance (0ms)
			ReleaseScriptingObjects (0ms)
			CreateAndSetChildDomain (30ms)
		EndReloadAssembly (596ms)
			LoadAssemblies (87ms)
			RebuildTransferFunctionScriptingTraits (0ms)
			SetupTypeCache (183ms)
			ReleaseScriptCaches (1ms)
			RebuildScriptCaches (35ms)
			SetupLoadedEditorAssemblies (197ms)
				LogAssemblyErrors (0ms)
				InitializePlatformSupportModulesInManaged (9ms)
				SetLoadedEditorAssemblies (1ms)
				RefreshPlugins (1ms)
				BeforeProcessingInitializeOnLoad (78ms)
				ProcessInitializeOnLoadAttributes (95ms)
				ProcessInitializeOnLoadMethodAttributes (8ms)
				AfterProcessingInitializeOnLoad (5ms)
				EditorAssembliesLoaded (0ms)
			ExecutionOrderSort2 (0ms)
			AwakeInstancesAfterBackupRestoration (8ms)
Platform modules already initialized, skipping
Refreshing native plugins compatible for Editor in 0.19 ms, found 0 plugins.
Preloading 0 native plugins for Editor in 0.00 ms.
Unloading 761 Unused Serialized files (Serialized files now loaded: 0)
System memory in use before: 47.6 MB.
System memory in use after: 47.7 MB.

Unloading 4 unused Assets to reduce memory usage. Loaded Objects now: 1220.
Total: 2.622000 ms (FindLiveObjects: 0.148000 ms CreateObjectMapping: 0.046400 ms MarkObjects: 2.388900 ms  DeleteObjects: 0.036600 ms)

AssetImportParameters requested are different than current active one (requested -> active):
  custom:framework-win-MediaFoundation: 216162199b28c13a410421893ffa2e32 -> 
  custom:video-decoder-ogg-theora: a1e56fd34408186e4bbccfd4996cb3dc -> 
  custom:container-muxer-webm: aa71ff27fc2769a1b78a27578f13a17b -> 
  custom:container-demuxer-webm: 4f35f7cbe854078d1ac9338744f61a02 -> 
  custom:container-demuxer-ogg: 62fdf1f143b41e24485cea50d1cbac27 -> 
  custom:video-encoder-webm-vp8: eb34c28f22e8b96e1ab97ce403110664 -> 
  custom:video-decoder-webm-vp8: 9c59270c3fd7afecdb556c50c9e8de78 -> 
  custom:audio-decoder-ogg-vorbis: bf7c407c2cedff20999df2af8eb42d56 -> 
  custom:audio-encoder-webm-vorbis: bf7c407c2cedff20999df2af8eb42d56 -> 
========================================================================
Received Import Request.
  Time since last request: 49.359779 seconds.
  path: Assets/Framework/StateController/StateController.cs
  artifactKey: Guid(d86d77f3691cdc145aea02daaf22acd5) Importer(815301076,1909f56bfc062723c751e8b465ee728b)
Start importing Assets/Framework/StateController/StateController.cs using Guid(d86d77f3691cdc145aea02daaf22acd5) Importer(815301076,1909f56bfc062723c751e8b465ee728b)  -> (artifact id: '15ff4370d5366260b746f1f594425073') in 0.005352 seconds 
========================================================================
Received Prepare
Registering precompiled user dll's ...
Registered in 0.004660 seconds.
Begin MonoManager ReloadAssembly
Native extension for WindowsStandalone target not found
Native extension for WebGL target not found
Refreshing native plugins compatible for Editor in 0.19 ms, found 0 plugins.
Preloading 0 native plugins for Editor in 0.00 ms.
Mono: successfully reloaded assembly
- Completed reload, in  0.803 seconds
Domain Reload Profiling:
	ReloadAssembly (803ms)
		BeginReloadAssembly (117ms)
			ExecutionOrderSort (0ms)
			DisableScriptedObjects (5ms)
			BackupInstance (0ms)
			ReleaseScriptingObjects (0ms)
			CreateAndSetChildDomain (28ms)
		EndReloadAssembly (613ms)
			LoadAssemblies (100ms)
			RebuildTransferFunctionScriptingTraits (0ms)
			SetupTypeCache (207ms)
			ReleaseScriptCaches (1ms)
			RebuildScriptCaches (40ms)
			SetupLoadedEditorAssemblies (190ms)
				LogAssemblyErrors (0ms)
				InitializePlatformSupportModulesInManaged (6ms)
				SetLoadedEditorAssemblies (1ms)
				RefreshPlugins (0ms)
				BeforeProcessingInitializeOnLoad (77ms)
				ProcessInitializeOnLoadAttributes (94ms)
				ProcessInitializeOnLoadMethodAttributes (6ms)
				AfterProcessingInitializeOnLoad (5ms)
				EditorAssembliesLoaded (0ms)
			ExecutionOrderSort2 (0ms)
			AwakeInstancesAfterBackupRestoration (6ms)
Platform modules already initialized, skipping
Refreshing native plugins compatible for Editor in 0.15 ms, found 0 plugins.
Preloading 0 native plugins for Editor in 0.00 ms.
Unloading 761 Unused Serialized files (Serialized files now loaded: 0)
System memory in use before: 47.6 MB.
System memory in use after: 47.7 MB.

Unloading 4 unused Assets to reduce memory usage. Loaded Objects now: 1223.
Total: 3.330600 ms (FindLiveObjects: 0.140300 ms CreateObjectMapping: 0.018300 ms MarkObjects: 3.148400 ms  DeleteObjects: 0.022400 ms)

AssetImportParameters requested are different than current active one (requested -> active):
  custom:framework-win-MediaFoundation: 216162199b28c13a410421893ffa2e32 -> 
  custom:video-decoder-ogg-theora: a1e56fd34408186e4bbccfd4996cb3dc -> 
  custom:container-muxer-webm: aa71ff27fc2769a1b78a27578f13a17b -> 
  custom:container-demuxer-webm: 4f35f7cbe854078d1ac9338744f61a02 -> 
  custom:container-demuxer-ogg: 62fdf1f143b41e24485cea50d1cbac27 -> 
  custom:video-encoder-webm-vp8: eb34c28f22e8b96e1ab97ce403110664 -> 
  custom:video-decoder-webm-vp8: 9c59270c3fd7afecdb556c50c9e8de78 -> 
  custom:audio-decoder-ogg-vorbis: bf7c407c2cedff20999df2af8eb42d56 -> 
  custom:audio-encoder-webm-vorbis: bf7c407c2cedff20999df2af8eb42d56 -> 
========================================================================
Received Import Request.
  Time since last request: 13.675497 seconds.
  path: Assets/Framework/StateController/StateController.cs
  artifactKey: Guid(d86d77f3691cdc145aea02daaf22acd5) Importer(815301076,1909f56bfc062723c751e8b465ee728b)
Start importing Assets/Framework/StateController/StateController.cs using Guid(d86d77f3691cdc145aea02daaf22acd5) Importer(815301076,1909f56bfc062723c751e8b465ee728b)  -> (artifact id: 'd50790c00a4f575888791b56ff85bf18') in 0.005783 seconds 
========================================================================
Received Prepare
Registering precompiled user dll's ...
Registered in 0.001872 seconds.
Begin MonoManager ReloadAssembly
Native extension for WindowsStandalone target not found
Native extension for WebGL target not found
Refreshing native plugins compatible for Editor in 0.19 ms, found 0 plugins.
Preloading 0 native plugins for Editor in 0.00 ms.
Mono: successfully reloaded assembly
- Completed reload, in  0.861 seconds
Domain Reload Profiling:
	ReloadAssembly (861ms)
		BeginReloadAssembly (100ms)
			ExecutionOrderSort (0ms)
			DisableScriptedObjects (5ms)
			BackupInstance (0ms)
			ReleaseScriptingObjects (0ms)
			CreateAndSetChildDomain (26ms)
		EndReloadAssembly (697ms)
			LoadAssemblies (81ms)
			RebuildTransferFunctionScriptingTraits (0ms)
			SetupTypeCache (169ms)
			ReleaseScriptCaches (1ms)
			RebuildScriptCaches (45ms)
			SetupLoadedEditorAssemblies (296ms)
				LogAssemblyErrors (0ms)
				InitializePlatformSupportModulesInManaged (7ms)
				SetLoadedEditorAssemblies (1ms)
				RefreshPlugins (0ms)
				BeforeProcessingInitializeOnLoad (86ms)
				ProcessInitializeOnLoadAttributes (188ms)
				ProcessInitializeOnLoadMethodAttributes (9ms)
				AfterProcessingInitializeOnLoad (5ms)
				EditorAssembliesLoaded (0ms)
			ExecutionOrderSort2 (0ms)
			AwakeInstancesAfterBackupRestoration (6ms)
Platform modules already initialized, skipping
Refreshing native plugins compatible for Editor in 0.16 ms, found 0 plugins.
Preloading 0 native plugins for Editor in 0.00 ms.
Unloading 761 Unused Serialized files (Serialized files now loaded: 0)
System memory in use before: 47.7 MB.
System memory in use after: 47.7 MB.

Unloading 4 unused Assets to reduce memory usage. Loaded Objects now: 1226.
Total: 2.847200 ms (FindLiveObjects: 0.106300 ms CreateObjectMapping: 0.018900 ms MarkObjects: 2.696100 ms  DeleteObjects: 0.024700 ms)

AssetImportParameters requested are different than current active one (requested -> active):
  custom:framework-win-MediaFoundation: 216162199b28c13a410421893ffa2e32 -> 
  custom:video-decoder-ogg-theora: a1e56fd34408186e4bbccfd4996cb3dc -> 
  custom:container-muxer-webm: aa71ff27fc2769a1b78a27578f13a17b -> 
  custom:container-demuxer-webm: 4f35f7cbe854078d1ac9338744f61a02 -> 
  custom:container-demuxer-ogg: 62fdf1f143b41e24485cea50d1cbac27 -> 
  custom:video-encoder-webm-vp8: eb34c28f22e8b96e1ab97ce403110664 -> 
  custom:video-decoder-webm-vp8: 9c59270c3fd7afecdb556c50c9e8de78 -> 
  custom:audio-decoder-ogg-vorbis: bf7c407c2cedff20999df2af8eb42d56 -> 
  custom:audio-encoder-webm-vorbis: bf7c407c2cedff20999df2af8eb42d56 -> 
========================================================================
Received Import Request.
  Time since last request: 3.706922 seconds.
  path: Assets/Framework/StateController/StateController.cs
  artifactKey: Guid(d86d77f3691cdc145aea02daaf22acd5) Importer(815301076,1909f56bfc062723c751e8b465ee728b)
Start importing Assets/Framework/StateController/StateController.cs using Guid(d86d77f3691cdc145aea02daaf22acd5) Importer(815301076,1909f56bfc062723c751e8b465ee728b)  -> (artifact id: 'cef7538e0f588e8dfccd0fa8c9e2b3ae') in 0.008404 seconds 
========================================================================
Received Prepare
Registering precompiled user dll's ...
Registered in 0.001111 seconds.
Begin MonoManager ReloadAssembly
Native extension for WindowsStandalone target not found
Native extension for WebGL target not found
Refreshing native plugins compatible for Editor in 0.37 ms, found 0 plugins.
Preloading 0 native plugins for Editor in 0.00 ms.
Mono: successfully reloaded assembly
- Completed reload, in  0.794 seconds
Domain Reload Profiling:
	ReloadAssembly (794ms)
		BeginReloadAssembly (105ms)
			ExecutionOrderSort (0ms)
			DisableScriptedObjects (7ms)
			BackupInstance (0ms)
			ReleaseScriptingObjects (0ms)
			CreateAndSetChildDomain (22ms)
		EndReloadAssembly (617ms)
			LoadAssemblies (98ms)
			RebuildTransferFunctionScriptingTraits (0ms)
			SetupTypeCache (210ms)
			ReleaseScriptCaches (1ms)
			RebuildScriptCaches (37ms)
			SetupLoadedEditorAssemblies (190ms)
				LogAssemblyErrors (0ms)
				InitializePlatformSupportModulesInManaged (7ms)
				SetLoadedEditorAssemblies (1ms)
				RefreshPlugins (1ms)
				BeforeProcessingInitializeOnLoad (76ms)
				ProcessInitializeOnLoadAttributes (94ms)
				ProcessInitializeOnLoadMethodAttributes (6ms)
				AfterProcessingInitializeOnLoad (5ms)
				EditorAssembliesLoaded (0ms)
			ExecutionOrderSort2 (0ms)
			AwakeInstancesAfterBackupRestoration (6ms)
Platform modules already initialized, skipping
Refreshing native plugins compatible for Editor in 0.18 ms, found 0 plugins.
Preloading 0 native plugins for Editor in 0.00 ms.
Unloading 761 Unused Serialized files (Serialized files now loaded: 0)
System memory in use before: 47.6 MB.
System memory in use after: 47.7 MB.

Unloading 4 unused Assets to reduce memory usage. Loaded Objects now: 1229.
Total: 2.694600 ms (FindLiveObjects: 0.116300 ms CreateObjectMapping: 0.019700 ms MarkObjects: 2.527700 ms  DeleteObjects: 0.029100 ms)

AssetImportParameters requested are different than current active one (requested -> active):
  custom:framework-win-MediaFoundation: 216162199b28c13a410421893ffa2e32 -> 
  custom:video-decoder-ogg-theora: a1e56fd34408186e4bbccfd4996cb3dc -> 
  custom:container-muxer-webm: aa71ff27fc2769a1b78a27578f13a17b -> 
  custom:container-demuxer-webm: 4f35f7cbe854078d1ac9338744f61a02 -> 
  custom:container-demuxer-ogg: 62fdf1f143b41e24485cea50d1cbac27 -> 
  custom:video-encoder-webm-vp8: eb34c28f22e8b96e1ab97ce403110664 -> 
  custom:video-decoder-webm-vp8: 9c59270c3fd7afecdb556c50c9e8de78 -> 
  custom:audio-decoder-ogg-vorbis: bf7c407c2cedff20999df2af8eb42d56 -> 
  custom:audio-encoder-webm-vorbis: bf7c407c2cedff20999df2af8eb42d56 -> 
========================================================================
Received Import Request.
  Time since last request: 43.100010 seconds.
  path: Assets/Framework/StateController/StateController.cs
  artifactKey: Guid(d86d77f3691cdc145aea02daaf22acd5) Importer(815301076,1909f56bfc062723c751e8b465ee728b)
Start importing Assets/Framework/StateController/StateController.cs using Guid(d86d77f3691cdc145aea02daaf22acd5) Importer(815301076,1909f56bfc062723c751e8b465ee728b)  -> (artifact id: '65037db8f15c3d9c46cd82dc47a89fe9') in 0.005587 seconds 
========================================================================
Received Prepare
Registering precompiled user dll's ...
Registered in 0.000595 seconds.
Begin MonoManager ReloadAssembly
Native extension for WindowsStandalone target not found
Native extension for WebGL target not found
Refreshing native plugins compatible for Editor in 0.16 ms, found 0 plugins.
Preloading 0 native plugins for Editor in 0.00 ms.
Mono: successfully reloaded assembly
- Completed reload, in  0.699 seconds
Domain Reload Profiling:
	ReloadAssembly (700ms)
		BeginReloadAssembly (101ms)
			ExecutionOrderSort (0ms)
			DisableScriptedObjects (6ms)
			BackupInstance (0ms)
			ReleaseScriptingObjects (0ms)
			CreateAndSetChildDomain (24ms)
		EndReloadAssembly (540ms)
			LoadAssemblies (81ms)
			RebuildTransferFunctionScriptingTraits (0ms)
			SetupTypeCache (161ms)
			ReleaseScriptCaches (1ms)
			RebuildScriptCaches (32ms)
			SetupLoadedEditorAssemblies (181ms)
				LogAssemblyErrors (0ms)
				InitializePlatformSupportModulesInManaged (5ms)
				SetLoadedEditorAssemblies (0ms)
				RefreshPlugins (0ms)
				BeforeProcessingInitializeOnLoad (70ms)
				ProcessInitializeOnLoadAttributes (94ms)
				ProcessInitializeOnLoadMethodAttributes (7ms)
				AfterProcessingInitializeOnLoad (5ms)
				EditorAssembliesLoaded (0ms)
			ExecutionOrderSort2 (0ms)
			AwakeInstancesAfterBackupRestoration (7ms)
Platform modules already initialized, skipping
Refreshing native plugins compatible for Editor in 0.17 ms, found 0 plugins.
Preloading 0 native plugins for Editor in 0.00 ms.
Unloading 761 Unused Serialized files (Serialized files now loaded: 0)
System memory in use before: 47.6 MB.
System memory in use after: 47.7 MB.

Unloading 4 unused Assets to reduce memory usage. Loaded Objects now: 1232.
Total: 3.124700 ms (FindLiveObjects: 0.129000 ms CreateObjectMapping: 0.019100 ms MarkObjects: 2.949500 ms  DeleteObjects: 0.025300 ms)

AssetImportParameters requested are different than current active one (requested -> active):
  custom:framework-win-MediaFoundation: 216162199b28c13a410421893ffa2e32 -> 
  custom:video-decoder-ogg-theora: a1e56fd34408186e4bbccfd4996cb3dc -> 
  custom:container-muxer-webm: aa71ff27fc2769a1b78a27578f13a17b -> 
  custom:container-demuxer-webm: 4f35f7cbe854078d1ac9338744f61a02 -> 
  custom:container-demuxer-ogg: 62fdf1f143b41e24485cea50d1cbac27 -> 
  custom:video-encoder-webm-vp8: eb34c28f22e8b96e1ab97ce403110664 -> 
  custom:video-decoder-webm-vp8: 9c59270c3fd7afecdb556c50c9e8de78 -> 
  custom:audio-decoder-ogg-vorbis: bf7c407c2cedff20999df2af8eb42d56 -> 
  custom:audio-encoder-webm-vorbis: bf7c407c2cedff20999df2af8eb42d56 -> 
========================================================================
Received Import Request.
  Time since last request: 96.707969 seconds.
  path: Assets/Framework/StateController/StateController.cs
  artifactKey: Guid(d86d77f3691cdc145aea02daaf22acd5) Importer(815301076,1909f56bfc062723c751e8b465ee728b)
Start importing Assets/Framework/StateController/StateController.cs using Guid(d86d77f3691cdc145aea02daaf22acd5) Importer(815301076,1909f56bfc062723c751e8b465ee728b)  -> (artifact id: '8965faa62c6e24a64795c94018751f8e') in 0.005735 seconds 
========================================================================
Received Prepare
Registering precompiled user dll's ...
Registered in 0.000664 seconds.
Begin MonoManager ReloadAssembly
Native extension for WindowsStandalone target not found
Native extension for WebGL target not found
Refreshing native plugins compatible for Editor in 0.16 ms, found 0 plugins.
Preloading 0 native plugins for Editor in 0.00 ms.
Mono: successfully reloaded assembly
- Completed reload, in  0.694 seconds
Domain Reload Profiling:
	ReloadAssembly (695ms)
		BeginReloadAssembly (99ms)
			ExecutionOrderSort (0ms)
			DisableScriptedObjects (5ms)
			BackupInstance (0ms)
			ReleaseScriptingObjects (0ms)
			CreateAndSetChildDomain (23ms)
		EndReloadAssembly (529ms)
			LoadAssemblies (80ms)
			RebuildTransferFunctionScriptingTraits (0ms)
			SetupTypeCache (164ms)
			ReleaseScriptCaches (1ms)
			RebuildScriptCaches (34ms)
			SetupLoadedEditorAssemblies (173ms)
				LogAssemblyErrors (0ms)
				InitializePlatformSupportModulesInManaged (5ms)
				SetLoadedEditorAssemblies (0ms)
				RefreshPlugins (0ms)
				BeforeProcessingInitializeOnLoad (67ms)
				ProcessInitializeOnLoadAttributes (88ms)
				ProcessInitializeOnLoadMethodAttributes (6ms)
				AfterProcessingInitializeOnLoad (5ms)
				EditorAssembliesLoaded (0ms)
			ExecutionOrderSort2 (0ms)
			AwakeInstancesAfterBackupRestoration (6ms)
Platform modules already initialized, skipping
Refreshing native plugins compatible for Editor in 0.17 ms, found 0 plugins.
Preloading 0 native plugins for Editor in 0.00 ms.
Unloading 761 Unused Serialized files (Serialized files now loaded: 0)
System memory in use before: 47.7 MB.
System memory in use after: 47.7 MB.

Unloading 4 unused Assets to reduce memory usage. Loaded Objects now: 1235.
Total: 2.459700 ms (FindLiveObjects: 0.137300 ms CreateObjectMapping: 0.035800 ms MarkObjects: 2.263300 ms  DeleteObjects: 0.021700 ms)

AssetImportParameters requested are different than current active one (requested -> active):
  custom:framework-win-MediaFoundation: 216162199b28c13a410421893ffa2e32 -> 
  custom:video-decoder-ogg-theora: a1e56fd34408186e4bbccfd4996cb3dc -> 
  custom:container-muxer-webm: aa71ff27fc2769a1b78a27578f13a17b -> 
  custom:container-demuxer-webm: 4f35f7cbe854078d1ac9338744f61a02 -> 
  custom:container-demuxer-ogg: 62fdf1f143b41e24485cea50d1cbac27 -> 
  custom:video-encoder-webm-vp8: eb34c28f22e8b96e1ab97ce403110664 -> 
  custom:video-decoder-webm-vp8: 9c59270c3fd7afecdb556c50c9e8de78 -> 
  custom:audio-decoder-ogg-vorbis: bf7c407c2cedff20999df2af8eb42d56 -> 
  custom:audio-encoder-webm-vorbis: bf7c407c2cedff20999df2af8eb42d56 -> 
========================================================================
Received Prepare
Registering precompiled user dll's ...
Registered in 0.000699 seconds.
Begin MonoManager ReloadAssembly
Native extension for WindowsStandalone target not found
Native extension for WebGL target not found
Refreshing native plugins compatible for Editor in 0.37 ms, found 0 plugins.
Preloading 0 native plugins for Editor in 0.00 ms.
Mono: successfully reloaded assembly
- Completed reload, in  0.748 seconds
Domain Reload Profiling:
	ReloadAssembly (749ms)
		BeginReloadAssembly (116ms)
			ExecutionOrderSort (0ms)
			DisableScriptedObjects (7ms)
			BackupInstance (0ms)
			ReleaseScriptingObjects (0ms)
			CreateAndSetChildDomain (26ms)
		EndReloadAssembly (562ms)
			LoadAssemblies (91ms)
			RebuildTransferFunctionScriptingTraits (0ms)
			SetupTypeCache (179ms)
			ReleaseScriptCaches (0ms)
			RebuildScriptCaches (32ms)
			SetupLoadedEditorAssemblies (183ms)
				LogAssemblyErrors (0ms)
				InitializePlatformSupportModulesInManaged (5ms)
				SetLoadedEditorAssemblies (1ms)
				RefreshPlugins (1ms)
				BeforeProcessingInitializeOnLoad (71ms)
				ProcessInitializeOnLoadAttributes (93ms)
				ProcessInitializeOnLoadMethodAttributes (7ms)
				AfterProcessingInitializeOnLoad (5ms)
				EditorAssembliesLoaded (0ms)
			ExecutionOrderSort2 (0ms)
			AwakeInstancesAfterBackupRestoration (7ms)
Platform modules already initialized, skipping
Refreshing native plugins compatible for Editor in 0.17 ms, found 0 plugins.
Preloading 0 native plugins for Editor in 0.00 ms.
Unloading 761 Unused Serialized files (Serialized files now loaded: 0)
System memory in use before: 47.7 MB.
System memory in use after: 47.7 MB.

Unloading 4 unused Assets to reduce memory usage. Loaded Objects now: 1238.
Total: 2.512500 ms (FindLiveObjects: 0.127400 ms CreateObjectMapping: 0.018500 ms MarkObjects: 2.338200 ms  DeleteObjects: 0.026800 ms)

AssetImportParameters requested are different than current active one (requested -> active):
  custom:framework-win-MediaFoundation: 216162199b28c13a410421893ffa2e32 -> 
  custom:video-decoder-ogg-theora: a1e56fd34408186e4bbccfd4996cb3dc -> 
  custom:container-muxer-webm: aa71ff27fc2769a1b78a27578f13a17b -> 
  custom:container-demuxer-webm: 4f35f7cbe854078d1ac9338744f61a02 -> 
  custom:container-demuxer-ogg: 62fdf1f143b41e24485cea50d1cbac27 -> 
  custom:video-encoder-webm-vp8: eb34c28f22e8b96e1ab97ce403110664 -> 
  custom:video-decoder-webm-vp8: 9c59270c3fd7afecdb556c50c9e8de78 -> 
  custom:audio-decoder-ogg-vorbis: bf7c407c2cedff20999df2af8eb42d56 -> 
  custom:audio-encoder-webm-vorbis: bf7c407c2cedff20999df2af8eb42d56 -> 
========================================================================
Received Import Request.
  Time since last request: 189.339945 seconds.
  path: Assets/Framework/StateController/StateController.cs
  artifactKey: Guid(d86d77f3691cdc145aea02daaf22acd5) Importer(815301076,1909f56bfc062723c751e8b465ee728b)
Start importing Assets/Framework/StateController/StateController.cs using Guid(d86d77f3691cdc145aea02daaf22acd5) Importer(815301076,1909f56bfc062723c751e8b465ee728b)  -> (artifact id: 'da407db7d64089d6d2fd1ac022a4d184') in 0.004802 seconds 
========================================================================
Received Import Request.
  Time since last request: 8.917832 seconds.
  path: Assets/Package
  artifactKey: Guid(f52f89fc28c8d4f4fa0e292eae994867) Importer(815301076,1909f56bfc062723c751e8b465ee728b)
Start importing Assets/Package using Guid(f52f89fc28c8d4f4fa0e292eae994867) Importer(815301076,1909f56bfc062723c751e8b465ee728b)  -> (artifact id: '1a25e8636d3d84590bc9a0270ade239e') in 0.003541 seconds 
========================================================================
Received Import Request.
  Time since last request: 27.283702 seconds.
  path: Assets/Framework/StateController/UIButtonInteraction.cs
  artifactKey: Guid(2d1ac146e607fcd4ebf6fba7cd8b16a2) Importer(815301076,1909f56bfc062723c751e8b465ee728b)
Start importing Assets/Framework/StateController/UIButtonInteraction.cs using Guid(2d1ac146e607fcd4ebf6fba7cd8b16a2) Importer(815301076,1909f56bfc062723c751e8b465ee728b)  -> (artifact id: '28ab95d8189d19760f1e0e0296a7645e') in 0.005220 seconds 
========================================================================
Received Import Request.
  Time since last request: 0.005086 seconds.
  path: Assets/Framework/StateController/UIContent.cs
  artifactKey: Guid(e3663860587ec1845ba400dfa200ea4f) Importer(815301076,1909f56bfc062723c751e8b465ee728b)
Start importing Assets/Framework/StateController/UIContent.cs using Guid(e3663860587ec1845ba400dfa200ea4f) Importer(815301076,1909f56bfc062723c751e8b465ee728b)  -> (artifact id: 'ab8f67e20fc2a7abbba3ab422c638a62') in 0.004202 seconds 
========================================================================
Received Import Request.
  Time since last request: 0.009574 seconds.
  path: Assets/Framework/Editor/UtilityToolbar.cs
  artifactKey: Guid(8ddc5374724d07b498bf98ab5672b0fa) Importer(815301076,1909f56bfc062723c751e8b465ee728b)
Start importing Assets/Framework/Editor/UtilityToolbar.cs using Guid(8ddc5374724d07b498bf98ab5672b0fa) Importer(815301076,1909f56bfc062723c751e8b465ee728b)  -> (artifact id: 'e820a4294e2449f70740ca69bede0a6e') in 0.003501 seconds 
========================================================================
Received Import Request.
  Time since last request: 0.004867 seconds.
  path: Assets/Framework/StateController/UIDropdownInteraction.cs
  artifactKey: Guid(593764aa316a55b4889cadd122f6b15c) Importer(815301076,1909f56bfc062723c751e8b465ee728b)
Start importing Assets/Framework/StateController/UIDropdownInteraction.cs using Guid(593764aa316a55b4889cadd122f6b15c) Importer(815301076,1909f56bfc062723c751e8b465ee728b)  -> (artifact id: '277fe946a6635d4aac39780e066d7719') in 0.003591 seconds 
========================================================================
Received Import Request.
  Time since last request: 0.005171 seconds.
  path: Assets/Framework/Observer/Observer.cs
  artifactKey: Guid(e5262c2172b9f024692383780d78a45a) Importer(815301076,1909f56bfc062723c751e8b465ee728b)
Start importing Assets/Framework/Observer/Observer.cs using Guid(e5262c2172b9f024692383780d78a45a) Importer(815301076,1909f56bfc062723c751e8b465ee728b)  -> (artifact id: '2a1f888cfcc55a583e7394614f6573c5') in 0.003208 seconds 
========================================================================
Received Import Request.
  Time since last request: 0.003168 seconds.
  path: Assets/Framework/Director
  artifactKey: Guid(e0535fba862d2a4489cf03c0e3a9fbe5) Importer(815301076,1909f56bfc062723c751e8b465ee728b)
Start importing Assets/Framework/Director using Guid(e0535fba862d2a4489cf03c0e3a9fbe5) Importer(815301076,1909f56bfc062723c751e8b465ee728b)  -> (artifact id: '0711ec0ad774a3ae5cb438dc8bb3a3dd') in 0.002750 seconds 
========================================================================
Received Import Request.
  Time since last request: 0.003305 seconds.
  path: Assets/Framework/Localisation
  artifactKey: Guid(5b26f362988a4514184a8077dfb447e0) Importer(815301076,1909f56bfc062723c751e8b465ee728b)
Start importing Assets/Framework/Localisation using Guid(5b26f362988a4514184a8077dfb447e0) Importer(815301076,1909f56bfc062723c751e8b465ee728b)  -> (artifact id: 'f4938791095be19919fafec06e330067') in 0.002954 seconds 
========================================================================
Received Import Request.
  Time since last request: 0.008242 seconds.
  path: Assets/Framework/Editor/FrameworkEditorAssembly.asmdef
  artifactKey: Guid(fc2584835343f8a4780fa8df3f499bf8) Importer(815301076,1909f56bfc062723c751e8b465ee728b)
Start importing Assets/Framework/Editor/FrameworkEditorAssembly.asmdef using Guid(fc2584835343f8a4780fa8df3f499bf8) Importer(815301076,1909f56bfc062723c751e8b465ee728b)  -> (artifact id: '283a8542aa5286931256f76904d19d6d') in 0.003137 seconds 
========================================================================
Received Import Request.
  Time since last request: 0.004153 seconds.
  path: Assets/Framework/Director/LocalDirector.cs
  artifactKey: Guid(1fa802eee04df204da9f2cb474287be7) Importer(815301076,1909f56bfc062723c751e8b465ee728b)
Start importing Assets/Framework/Director/LocalDirector.cs using Guid(1fa802eee04df204da9f2cb474287be7) Importer(815301076,1909f56bfc062723c751e8b465ee728b)  -> (artifact id: 'ca43620a8fea9da030930eb4ec7ccf42') in 0.002723 seconds 
========================================================================
Received Import Request.
  Time since last request: 0.007197 seconds.
  path: Assets/Framework/Utility/GameObjectUtilities.cs
  artifactKey: Guid(a44881a381eb07647b2716d5b404018f) Importer(815301076,1909f56bfc062723c751e8b465ee728b)
Start importing Assets/Framework/Utility/GameObjectUtilities.cs using Guid(a44881a381eb07647b2716d5b404018f) Importer(815301076,1909f56bfc062723c751e8b465ee728b)  -> (artifact id: 'ef46af590f7a5dc5a8f4c5a09d4f6efa') in 0.002912 seconds 
========================================================================
Received Import Request.
  Time since last request: 0.003229 seconds.
  path: Assets/Framework/Editor
  artifactKey: Guid(763c9f1f756d53344939af2006520bfb) Importer(815301076,1909f56bfc062723c751e8b465ee728b)
Start importing Assets/Framework/Editor using Guid(763c9f1f756d53344939af2006520bfb) Importer(815301076,1909f56bfc062723c751e8b465ee728b)  -> (artifact id: 'e7f65f1bb545f44e1b3390623b299e8a') in 0.003165 seconds 
========================================================================
Received Import Request.
  Time since last request: 0.002937 seconds.
  path: Assets/Framework/Observer
  artifactKey: Guid(0cb1b0dadb7c8684085758888d8113a4) Importer(815301076,1909f56bfc062723c751e8b465ee728b)
Start importing Assets/Framework/Observer using Guid(0cb1b0dadb7c8684085758888d8113a4) Importer(815301076,1909f56bfc062723c751e8b465ee728b)  -> (artifact id: 'a5a1e0fea9ac3aa76112edde1006b6bd') in 0.002537 seconds 
========================================================================
Received Import Request.
  Time since last request: 0.004369 seconds.
  path: Assets/Framework/Utility/TransformUtilities.cs
  artifactKey: Guid(893c3a8ccb33461438ba3343b7cd3d9a) Importer(815301076,1909f56bfc062723c751e8b465ee728b)
Start importing Assets/Framework/Utility/TransformUtilities.cs using Guid(893c3a8ccb33461438ba3343b7cd3d9a) Importer(815301076,1909f56bfc062723c751e8b465ee728b)  -> (artifact id: '1a0ca0235839140e877813825cf90d7d') in 0.003217 seconds 
========================================================================
Received Import Request.
  Time since last request: 0.004220 seconds.
  path: Assets/Framework/StateController/UIStateBase.cs
  artifactKey: Guid(e0381676f123c1b4ab95f42811c288b3) Importer(815301076,1909f56bfc062723c751e8b465ee728b)
Start importing Assets/Framework/StateController/UIStateBase.cs using Guid(e0381676f123c1b4ab95f42811c288b3) Importer(815301076,1909f56bfc062723c751e8b465ee728b)  -> (artifact id: '5118fad28bd94fdfe3b03d89d801d21d') in 0.003571 seconds 
========================================================================
Received Import Request.
  Time since last request: 0.004186 seconds.
  path: Assets/Framework/StateController/UIToggleInteraction.cs
  artifactKey: Guid(05eb405210bdc684590878575d27ea42) Importer(815301076,1909f56bfc062723c751e8b465ee728b)
Start importing Assets/Framework/StateController/UIToggleInteraction.cs using Guid(05eb405210bdc684590878575d27ea42) Importer(815301076,1909f56bfc062723c751e8b465ee728b)  -> (artifact id: '4b0566cfcf67c756ea9125b37468c246') in 0.002793 seconds 
========================================================================
Received Import Request.
  Time since last request: 0.009774 seconds.
  path: Assets/Framework/Localisation/LocalisationService.cs
  artifactKey: Guid(d6c8d985610b2d64393edc8bf53bfc9d) Importer(815301076,1909f56bfc062723c751e8b465ee728b)
Start importing Assets/Framework/Localisation/LocalisationService.cs using Guid(d6c8d985610b2d64393edc8bf53bfc9d) Importer(815301076,1909f56bfc062723c751e8b465ee728b)  -> (artifact id: 'c4722b05b529cfc1e310be10dddbf2b8') in 0.002993 seconds 
========================================================================
Received Import Request.
  Time since last request: 0.004152 seconds.
  path: Assets/Framework/Observer/WatchedObject.cs
  artifactKey: Guid(fe21146091b8ed64a9f60fb176f13773) Importer(815301076,1909f56bfc062723c751e8b465ee728b)
Start importing Assets/Framework/Observer/WatchedObject.cs using Guid(fe21146091b8ed64a9f60fb176f13773) Importer(815301076,1909f56bfc062723c751e8b465ee728b)  -> (artifact id: '1cb40a5d20f9d3bf7ae24bb9864e7895') in 0.002807 seconds 
========================================================================
Received Import Request.
  Time since last request: 0.002827 seconds.
  path: Assets/Framework/Utility
  artifactKey: Guid(c9a00f3a82d31d348aabb536f371192b) Importer(815301076,1909f56bfc062723c751e8b465ee728b)
Start importing Assets/Framework/Utility using Guid(c9a00f3a82d31d348aabb536f371192b) Importer(815301076,1909f56bfc062723c751e8b465ee728b)  -> (artifact id: 'c4b55849c56f513603847a02f07a330f') in 0.002561 seconds 
